2020-06-13 19:46:51.490837 [info] Parsed vsomeip configuration in 0ms
2020-06-13 19:46:51.491547 [info] Using configuration file: "./vsomeip.json".
2020-06-13 19:46:51.491738 [info] Initializing vsomeip application "!!SERVICE!!".
2020-06-13 19:46:51.492078 [info] Instantiating routing manager [Host].
2020-06-13 19:46:51.492364 [info] create_local_server Routing endpoint at /tmp/vsomeip-0
2020-06-13 19:46:51.492812 [info] Service Discovery enabled. Trying to load module.
2020-06-13 19:46:51.494835 [info] Service Discovery module loaded.
2020-06-13 19:46:51.495587 [info] Application(!!SERVICE!!, 1212) is initialized (11, 100).
2020-06-13 19:46:51.496028 [info] OFFER(1212): [1234.5678:0.0] (true)
2020-06-13 19:46:51.496723 [info] Listening at /tmp/vsomeip-1212
2020-06-13 19:46:51.497616 [info] Starting vsomeip application "!!SERVICE!!" (1212) using 2 threads I/O nice 255
2020-06-13 19:46:51.499668 [info] shutdown thread id from application: 1212 (!!SERVICE!!) is: 7fc2f4f60700 TID: 2444
2020-06-13 19:46:51.499625 [info] main dispatch thread id from application: 1212 (!!SERVICE!!) is: 7fc2f5761700 TID: 2443
2020-06-13 19:46:51.501433 [info] Watchdog is disabled!
2020-06-13 19:46:51.504047 [info] io thread id from application: 1212 (!!SERVICE!!) is: 7fc2f57cb680 TID: 2442
2020-06-13 19:46:51.504458 [info] io thread id from application: 1212 (!!SERVICE!!) is: 7fc2ef7fe700 TID: 2446
2020-06-13 19:46:51.506421 [info] Network interface "eth0" state changed: up
2020-06-13 19:46:51.507731 [info] Route "default route (0.0.0.0/0) if: eth0 gw: 192.168.0.1" state changed: up
2020-06-13 19:46:51.504719 [info] vSomeIP 3.1.15.1 | (default)
2020-06-13 19:46:51.508321 [info] udp_server_endpoint_impl: SO_RCVBUF is: 212992
2020-06-13 19:46:51.508755 [debug] Joining to multicast group 224.224.224.245 from 192.168.0.4
2020-06-13 19:46:51.509067 [info] udp_server_endpoint_impl: SO_RCVBUF (Multicast) is: 212992
2020-06-13 19:46:51.512975 [info] udp_server_endpoint_impl: SO_RCVBUF is: 212992
2020-06-13 19:46:51.513272 [info] SOME/IP routing ready.
2020-06-13 19:47:01.137467 [info] --SERVICE-- Received message with Client/Session [1313/0010] Hello Sello S
2020-06-13 19:47:01.519622 [info] vSomeIP 3.1.15.1 | (default)
2020-06-13 19:47:02.171238 [info] --SERVICE-- Received message with Client/Session [1313/0010] Hello Service!Hello Service!Hello Service!Hello Service!Hello Service!Hello Service!Hello Service!Hello Service!
2020-06-13 19:47:03.990669 [info] --SERVICE-- Received message with Client/Session [1313/0010] ping
2020-06-13 19:47:03.153931 [info] --SERVICE-- Received message with Client/Session [1313/0010] Hello Service!ello Servie!eRvicello So SevieRice!ceÖvce!
2020-06-13 19:47:04.275080 [info] --SERVICE-- Received message with Client/Session [1313/0010] Hello SeÛ†Å¶+/v8r‡πÄvicBe!
2020-06-13 19:47:05.398801 [info] --SERVICE-- Received message with Client/Session [1313/0010] Hello Servie!
2020-06-13 19:47:06.056612 [info] --SERVICE-- Received message with Client/Session [1313/0010] ping
2020-06-13 19:47:06.318712 [info] --SERVICE-- Received message with Client/Session [1313/0010] HelÛ†Å‚ÄØ∞lo †Å‚ÄØ∞lo Service!
2020-06-13 19:47:08.237864 [info] --SERVICE-- Received message with Client/Session [1313/0010] Hello Service!
2020-06-13 19:47:09.243047 [info] --SERVICE-- Received message with Client/Session [1313/0010] Hello S‡ÄervÛÛ†Åµ†ÅÛ†Ä≥âi·ÖücÛ†Ä¶e!
2020-06-13 19:47:09.013808 [info] --SERVICE-- Received message with Client/Session [1313/0010] ping
2020-06-13 19:47:10.281048 [info] --SERVICE-- Received message with Client/Session [1313/0010] Helvice!
2020-06-13 19:47:11.525771 [info] --SERVICE-- Received message with Client/Session [1313/0010] Hello Service!Hello Service!
2020-06-13 19:47:11.579059 [info] vSomeIP 3.1.15.1 | (default)
2020-06-13 19:47:12.410483 [info] --SERVICE-- Received message with Client/Session [1313/0010] He2llo Service!
2020-06-13 19:47:12.688340 [info] --SERVICE-- Received message with Client/Session [1313/0010] ping
2020-06-13 19:47:13.697127 [info] --SERVICE-- Received message with Client/Session [1313/0010] Hello Servervice!
2020-06-13 19:47:14.840000 [info] --SERVICE-- Received message with Client/Session [1313/0010] Hel‚‚ÄÇÅ©lo Serv˚Ó(ˇÛ†Ä≤‚Äéice‚ÅÛ†Ä±Û‚Äàê©!
2020-06-13 19:47:15.555198 [info] --SERVICE-- Received message with Client/Session [1313/0010] ping
2020-06-13 19:47:15.210343 [info] --SERVICE-- Received message with Client/Session [1313/0010] Xllo [Írvice!
2020-06-13 19:47:16.224039 [info] --SERVICE-- Received message with Client/Session [1313/0010] Hello SHello Service"
2020-06-13 19:47:18.957790 [info] --SERVICE-- Received message with Client/Session [1313/0010] Hel‚Ä‚Äèsm Service!
2020-06-13 19:47:18.554803 [info] --SERVICE-- Received message with Client/Session [1313/0010] ping
2020-06-13 19:47:19.878138 [info] --SERVICE-- Received message with Client/Session [1313/0010] Hell$!!\0`xcalc`&#000;$(xcalc)$+%#x!xcalc!!$!!%p"xcalc+info Service!
2020-06-13 19:47:20.966746 [info] --SERVICE-- Received message with Client/Session [1313/0010] H“eqvicg!
2020-06-13 19:47:21.316986 [info] --SERVICE-- Received message with Client/Session [1313/0010] Hello ServicServicServicServicServicServicServicServicServicServicServicServicServicServicServicServicServicServicServrvicServicServicServicServicServicS`ervicServvicServicServicServicServicServicServicServicServicServicServicServicServicServicServicServicServicServicServicServicServicServicedd‹ee¥eeeeeeeeeeeeeeeeeeeeeeeeeeeeeeeeeeeeeeeeeeeeeeeeeeeeeeeeeeeeeeeeeeeeeeeeeeeeeeeeeeeeeeeeeeeeeeeeeeeeee!!!!!!!!!!!!!!!Ke!
2020-06-13 19:47:21.642597 [info] vSomeIP 3.1.15.1 | (default)
2020-06-13 19:47:21.402240 [info] --SERVICE-- Received message with Client/Session [1313/0010] ping
2020-06-13 19:47:22.525729 [info] --SERVICE-- Received message with Client/Session [1313/0010] Hello ServiÛ†Åïce!
2020-06-13 19:47:23.913860 [info] --SERVICE-- Received message with Client/Session [1313/0010] Hello Service!
2020-06-13 19:47:24.853163 [info] --SERVICE-- Received message with Client/Session [1313/0010] Hello Servjce!
2020-06-13 19:47:24.222838 [info] --SERVICE-- Received message with Client/Session [1313/0010] ping
2020-06-13 19:47:25.945931 [info] --SERVICE-- Received message with Client/Session [1313/0010] Hello Se·Öüo Se·Öürvi˘e!
2020-06-13 19:47:27.198507 [info] --SERVICE-- Received message with Client/Session [1313/0010] HeÛ ∏†ÄÆllo Servicelo Servicervice!
2020-06-13 19:47:28.096361 [info] --SERVICE-- Received message with Client/Session [1313/0010] ping
2020-06-13 19:47:28.496971 [info] --SERVICE-- Received message with Client/Session [1313/0010] Heklo Service!
2020-06-13 19:47:29.487066 [info] --SERVICE-- Received message with Client/Session [1313/0010] ‚ÄÆHello Service!
2020-06-13 19:47:30.824997 [info] --SERVICE-- Received message with Client/Session [1313/0010] Helelelelelelelelelelelelelelelelelelelelelelelelelelelelelelelelelelelelelelelelelelelelelelelelelelelelelelelelelelelelelelelelelelelelelelelelelelelelelelelelelelelelelelelelelelelelelelelelelelelelelelelelelelelelelelelelelelelelelelelelelelelelelelelelelelelelelelelelelelelelelello SÛ†ÅÅervice!
2020-06-13 19:47:31.040796 [info] --SERVICE-- Received message with Client/Session [1313/0010] ping
2020-06-13 19:47:31.936038 [info] --SERVICE-- Received message with Client/Session [1313/0010] Hello Service!Hello Service!
2020-06-13 19:47:31.768599 [info] vSomeIP 3.1.15.1 | (default)
2020-06-13 19:47:32.197776 [info] --SERVICE-- Received message with Client/Session [1313/0010] Hello Service!!!!!!!
2020-06-13 19:47:33.252517 [info] --SERVICE-- Received message with Client/Session [1313/0010] Hello Û†ÄßService!
2020-06-13 19:47:34.798150 [info] --SERVICE-- Received message with Client/Session [1313/0010] ping
2020-06-13 19:47:34.404028 [info] --SERVICE-- Received message with Client/Session [1313/0010] Hello S+/v9ervice!
2020-06-13 19:47:35.401291 [info] --SERVICE-- Received message with Client/Session [1313/0010] Hello Sello Sello Service!ervice!ervice!ervice!ervice!ervice!ervice!ervice!ervice!ervice!ervice!ervice!ervice!ervice!ervice!ervice!ervice!ervice!ervice!ervice!ervice!ello Service!
2020-06-13 19:47:37.563083 [info] --SERVICE-- Received message with Client/Session [1313/0010] H¿llo Service!
2020-06-13 19:47:37.599320 [info] --SERVICE-- Received message with Client/Session [1313/0010] ping
2020-06-13 19:47:38.589383 [info] --SERVICE-- Received message with Client/Session [1313/0010] HÛ†Å∞eÔ¨¨llßo!Servicee!
2020-06-13 19:47:39.393776 [info] --SERVICE-- Received message with Client/Session [1313/0010] Hello Service!
2020-06-13 19:47:40.342421 [info] --SERVICE-- Received message with Client/Session [1313/0010] ping
2020-06-13 19:47:40.126735 [info] --SERVICE-- Received message with Client/Session [1313/0010] Hello Service!
2020-06-13 19:47:41.778019 [info] vSomeIP 3.1.15.1 | (default)
2020-06-13 19:47:43.999298 [info] Stopping vsomeip application "!!SERVICE!!" (1212).
2020-06-13 19:47:43.005810 [info] Exiting vsomeip application...
